<ShowPlanXML xmlns="http://schemas.microsoft.com/sqlserver/2004/07/showplan" Version="1.564" Build="16.0.4215.2"><BatchSequence><Batch><Statements><StmtSimple StatementText="SELECT P.Name, PSC.Name SubCatrom&#xd;&#xa;FROM Production.Product P&#xd;&#xa;JOIN Production.ProductSubcategory PSC&#xd;&#xa;ON p.ProductSubcategoryID = psc.ProductSubcategoryID&#xd;&#xa;ORDER BY psc.ProductSubcategoryID" StatementId="2" StatementCompId="2" StatementType="SELECT" RetrievedFromCache="true" StatementSubTreeCost="0.0412362" StatementEstRows="295" SecurityPolicyApplied="false" StatementOptmLevel="FULL" QueryHash="0x0BD74753D26EBF30" QueryPlanHash="0xC3F78E101ADB4BE5" StatementOptmEarlyAbortReason="GoodEnoughPlanFound" CardinalityEstimationModelVersion="140"><StatementSetOptions QUOTED_IDENTIFIER="true" ARITHABORT="true" CONCAT_NULL_YIELDS_NULL="true" ANSI_NULLS="true" ANSI_PADDING="true" ANSI_WARNINGS="true" NUMERIC_ROUNDABORT="false"></StatementSetOptions><QueryPlan DegreeOfParallelism="1" MemoryGrant="1024" CachedPlanSize="24" CompileTime="2" CompileCPU="2" CompileMemory="264"><MemoryGrantInfo SerialRequiredMemory="512" SerialDesiredMemory="624" RequiredMemory="512" DesiredMemory="624" RequestedMemory="1024" GrantWaitTime="0" MaxQueryMemory="1470968" GrantedMemory="1024" MaxUsedMemory="56"></MemoryGrantInfo><OptimizerHardwareDependentProperties EstimatedAvailableMemoryGrant="119782" EstimatedPagesCached="59891" EstimatedAvailableDegreeOfParallelism="4" MaxCompileMemory="5967600"></OptimizerHardwareDependentProperties><OptimizerStatsUsage><StatisticsInfo LastUpdate="2017-10-27T14:33:08.70" ModificationCount="0" SamplingPercent="100" Statistics="[AK_Product_Name]" Table="[Product]" Schema="[Production]" Database="[AdventureWorks2017]"></StatisticsInfo><StatisticsInfo LastUpdate="2017-10-27T14:33:08.70" ModificationCount="0" SamplingPercent="100" Statistics="[AK_Product_rowguid]" Table="[Product]" Schema="[Production]" Database="[AdventureWorks2017]"></StatisticsInfo><StatisticsInfo LastUpdate="2017-10-27T14:33:07.37" ModificationCount="0" SamplingPercent="100" Statistics="[PK_ProductSubcategory_ProductSubcategoryID]" Table="[ProductSubcategory]" Schema="[Production]" Database="[AdventureWorks2017]"></StatisticsInfo><StatisticsInfo LastUpdate="2017-10-27T14:33:08.69" ModificationCount="0" SamplingPercent="100" Statistics="[AK_Product_ProductNumber]" Table="[Product]" Schema="[Production]" Database="[AdventureWorks2017]"></StatisticsInfo><StatisticsInfo LastUpdate="2017-10-27T14:33:14.28" ModificationCount="0" SamplingPercent="100" Statistics="[_WA_Sys_00000013_1CBC4616]" Table="[Product]" Schema="[Production]" Database="[AdventureWorks2017]"></StatisticsInfo></OptimizerStatsUsage><QueryTimeStats ElapsedTime="1" CpuTime="1"></QueryTimeStats><RelOp NodeId="0" PhysicalOp="Merge Join" LogicalOp="Inner Join" EstimateRows="295" EstimateIO="0" EstimateCPU="0.0067656" AvgRowSize="121" EstimatedTotalSubtreeCost="0.0412362" Parallel="0" EstimateRebinds="0" EstimateRewinds="0" EstimatedExecutionMode="Row"><OutputList><ColumnReference Database="[AdventureWorks2017]" Schema="[Production]" Table="[Product]" Alias="[P]" Column="Name"></ColumnReference><ColumnReference Database="[AdventureWorks2017]" Schema="[Production]" Table="[Product]" Alias="[P]" Column="ProductSubcategoryID"></ColumnReference><ColumnReference Database="[AdventureWorks2017]" Schema="[Production]" Table="[ProductSubcategory]" Alias="[PSC]" Column="ProductSubcategoryID"></ColumnReference><ColumnReference Database="[AdventureWorks2017]" Schema="[Production]" Table="[ProductSubcategory]" Alias="[PSC]" Column="Name"></ColumnReference></OutputList><RunTimeInformation><RunTimeCountersPerThread Thread="0" ActualRows="295" Batches="0" ActualElapsedms="1" ActualCPUms="0" ActualScans="0" ActualLogicalReads="0" ActualPhysicalReads="0" ActualReadAheads="0" ActualLobLogicalReads="0" ActualLobPhysicalReads="0" ActualLobReadAheads="0" ActualEndOfScans="1" ActualExecutions="1" ActualExecutionMode="Row"></RunTimeCountersPerThread></RunTimeInformation><Merge ManyToMany="0"><InnerSideJoinColumns><ColumnReference Database="[AdventureWorks2017]" Schema="[Production]" Table="[Product]" Alias="[P]" Column="ProductSubcategoryID"></ColumnReference></InnerSideJoinColumns><OuterSideJoinColumns><ColumnReference Database="[AdventureWorks2017]" Schema="[Production]" Table="[ProductSubcategory]" Alias="[PSC]" Column="ProductSubcategoryID"></ColumnReference></OuterSideJoinColumns><Residual><ScalarOperator ScalarString="[AdventureWorks2017].[Production].[ProductSubcategory].[ProductSubcategoryID] as [PSC].[ProductSubcategoryID]=[AdventureWorks2017].[Production].[Product].[ProductSubcategoryID] as [P].[ProductSubcategoryID]"><Compare CompareOp="EQ"><ScalarOperator><Identifier><ColumnReference Database="[AdventureWorks2017]" Schema="[Production]" Table="[ProductSubcategory]" Alias="[PSC]" Column="ProductSubcategoryID"></ColumnReference></Identifier></ScalarOperator><ScalarOperator><Identifier><ColumnReference Database="[AdventureWorks2017]" Schema="[Production]" Table="[Product]" Alias="[P]" Column="ProductSubcategoryID"></ColumnReference></Identifier></ScalarOperator></Compare></ScalarOperator></Residual><RelOp NodeId="1" PhysicalOp="Clustered Index Scan" LogicalOp="Clustered Index Scan" EstimateRows="37" EstimatedRowsRead="37" EstimateIO="0.003125" EstimateCPU="0.0001977" AvgRowSize="65" EstimatedTotalSubtreeCost="0.0033227" TableCardinality="37" Parallel="0" EstimateRebinds="0" EstimateRewinds="0" EstimatedExecutionMode="Row"><OutputList><ColumnReference Database="[AdventureWorks2017]" Schema="[Production]" Table="[ProductSubcategory]" Alias="[PSC]" Column="ProductSubcategoryID"></ColumnReference><ColumnReference Database="[AdventureWorks2017]" Schema="[Production]" Table="[ProductSubcategory]" Alias="[PSC]" Column="Name"></ColumnReference></OutputList><RunTimeInformation><RunTimeCountersPerThread Thread="0" ActualRows="37" Batches="0" ActualElapsedms="0" ActualCPUms="0" ActualScans="1" ActualLogicalReads="2" ActualPhysicalReads="1" ActualReadAheads="0" ActualLobLogicalReads="0" ActualLobPhysicalReads="0" ActualLobReadAheads="0" ActualRowsRead="37" ActualEndOfScans="1" ActualExecutions="1" ActualExecutionMode="Row"></RunTimeCountersPerThread></RunTimeInformation><IndexScan Ordered="1" ScanDirection="FORWARD" ForcedIndex="0" ForceSeek="0" ForceScan="0" NoExpandHint="0" Storage="RowStore"><DefinedValues><DefinedValue><ColumnReference Database="[AdventureWorks2017]" Schema="[Production]" Table="[ProductSubcategory]" Alias="[PSC]" Column="ProductSubcategoryID"></ColumnReference></DefinedValue><DefinedValue><ColumnReference Database="[AdventureWorks2017]" Schema="[Production]" Table="[ProductSubcategory]" Alias="[PSC]" Column="Name"></ColumnReference></DefinedValue></DefinedValues><Object Database="[AdventureWorks2017]" Schema="[Production]" Table="[ProductSubcategory]" Index="[PK_ProductSubcategory_ProductSubcategoryID]" Alias="[PSC]" IndexKind="Clustered" Storage="RowStore"></Object></IndexScan></RelOp><RelOp NodeId="2" PhysicalOp="Sort" LogicalOp="Sort" EstimateRows="504" EstimateIO="0.0112613" EstimateCPU="0.00715836" AvgRowSize="65" EstimatedTotalSubtreeCost="0.0311449" Parallel="0" EstimateRebinds="0" EstimateRewinds="0" EstimatedExecutionMode="Row"><OutputList><ColumnReference Database="[AdventureWorks2017]" Schema="[Production]" Table="[Product]" Alias="[P]" Column="Name"></ColumnReference><ColumnReference Database="[AdventureWorks2017]" Schema="[Production]" Table="[Product]" Alias="[P]" Column="ProductSubcategoryID"></ColumnReference></OutputList><MemoryFractions Input="1" Output="1"></MemoryFractions><RunTimeInformation><RunTimeCountersPerThread Thread="0" ActualRows="504" Batches="0" ActualElapsedms="0" ActualCPUms="0" ActualScans="0" ActualLogicalReads="0" ActualPhysicalReads="0" ActualReadAheads="0" ActualLobLogicalReads="0" ActualLobPhysicalReads="0" ActualLobReadAheads="0" ActualRebinds="1" ActualRewinds="0" ActualEndOfScans="1" ActualExecutions="1" InputMemoryGrant="1024" OutputMemoryGrant="640" UsedMemoryGrant="56" ActualExecutionMode="Row"></RunTimeCountersPerThread></RunTimeInformation><Sort Distinct="0"><OrderBy><OrderByColumn Ascending="1"><ColumnReference Database="[AdventureWorks2017]" Schema="[Production]" Table="[Product]" Alias="[P]" Column="ProductSubcategoryID"></ColumnReference></OrderByColumn></OrderBy><RelOp NodeId="3" PhysicalOp="Clustered Index Scan" LogicalOp="Clustered Index Scan" EstimateRows="504" EstimatedRowsRead="504" EstimateIO="0.0120139" EstimateCPU="0.0007114" AvgRowSize="65" EstimatedTotalSubtreeCost="0.0127253" TableCardinality="504" Parallel="0" EstimateRebinds="0" EstimateRewinds="0" EstimatedExecutionMode="Row"><OutputList><ColumnReference Database="[AdventureWorks2017]" Schema="[Production]" Table="[Product]" Alias="[P]" Column="Name"></ColumnReference><ColumnReference Database="[AdventureWorks2017]" Schema="[Production]" Table="[Product]" Alias="[P]" Column="ProductSubcategoryID"></ColumnReference></OutputList><RunTimeInformation><RunTimeCountersPerThread Thread="0" ActualRows="504" Batches="0" ActualElapsedms="0" ActualCPUms="0" ActualScans="1" ActualLogicalReads="15" ActualPhysicalReads="0" ActualReadAheads="0" ActualLobLogicalReads="0" ActualLobPhysicalReads="0" ActualLobReadAheads="0" ActualRowsRead="504" ActualEndOfScans="1" ActualExecutions="1" ActualExecutionMode="Row"></RunTimeCountersPerThread></RunTimeInformation><IndexScan Ordered="0" ForcedIndex="0" ForceScan="0" NoExpandHint="0" Storage="RowStore"><DefinedValues><DefinedValue><ColumnReference Database="[AdventureWorks2017]" Schema="[Production]" Table="[Product]" Alias="[P]" Column="Name"></ColumnReference></DefinedValue><DefinedValue><ColumnReference Database="[AdventureWorks2017]" Schema="[Production]" Table="[Product]" Alias="[P]" Column="ProductSubcategoryID"></ColumnReference></DefinedValue></DefinedValues><Object Database="[AdventureWorks2017]" Schema="[Production]" Table="[Product]" Index="[PK_Product_ProductID]" Alias="[P]" IndexKind="Clustered" Storage="RowStore"></Object></IndexScan></RelOp></Sort></RelOp></Merge></RelOp></QueryPlan></StmtSimple></Statements></Batch></BatchSequence></ShowPlanXML>