<ShowPlanXML xmlns="http://schemas.microsoft.com/sqlserver/2004/07/showplan" Version="1.564" Build="16.0.4215.2"><BatchSequence><Batch><Statements><StmtSimple StatementText="SELECT [P].[Name],[P].[ProductNumber] FROM [Production].[Product] [P] WHERE [ProductNumber]=@1" StatementId="1" StatementCompId="1" StatementType="SELECT" RetrievedFromCache="true" StatementSubTreeCost="0.00657038" StatementEstRows="1" SecurityPolicyApplied="false" StatementOptmLevel="TRIVIAL" QueryHash="0x48A19547B91B5EF5" QueryPlanHash="0x63C3E89FDF296141" CardinalityEstimationModelVersion="140"><StatementSetOptions QUOTED_IDENTIFIER="true" ARITHABORT="true" CONCAT_NULL_YIELDS_NULL="true" ANSI_NULLS="true" ANSI_PADDING="true" ANSI_WARNINGS="true" NUMERIC_ROUNDABORT="false"></StatementSetOptions><QueryPlan DegreeOfParallelism="1" CachedPlanSize="32" CompileTime="7" CompileCPU="7" CompileMemory="160"><MemoryGrantInfo SerialRequiredMemory="0" SerialDesiredMemory="0" GrantedMemory="0" MaxUsedMemory="0"></MemoryGrantInfo><OptimizerHardwareDependentProperties EstimatedAvailableMemoryGrant="119782" EstimatedPagesCached="59891" EstimatedAvailableDegreeOfParallelism="4" MaxCompileMemory="5501064"></OptimizerHardwareDependentProperties><QueryTimeStats ElapsedTime="0" CpuTime="0"></QueryTimeStats><RelOp NodeId="0" PhysicalOp="Nested Loops" LogicalOp="Inner Join" EstimateRows="1" EstimateIO="0" EstimateCPU="4.18e-06" AvgRowSize="88" EstimatedTotalSubtreeCost="0.00657038" Parallel="0" EstimateRebinds="0" EstimateRewinds="0" EstimatedExecutionMode="Row"><OutputList><ColumnReference Database="[AdventureWorks2017]" Schema="[Production]" Table="[Product]" Alias="[P]" Column="Name"></ColumnReference><ColumnReference Database="[AdventureWorks2017]" Schema="[Production]" Table="[Product]" Alias="[P]" Column="ProductNumber"></ColumnReference></OutputList><RunTimeInformation><RunTimeCountersPerThread Thread="0" ActualRows="1" Batches="0" ActualElapsedms="0" ActualCPUms="0" ActualEndOfScans="1" ActualExecutions="1" ActualExecutionMode="Row"></RunTimeCountersPerThread></RunTimeInformation><NestedLoops Optimized="0"><OuterReferences><ColumnReference Database="[AdventureWorks2017]" Schema="[Production]" Table="[Product]" Alias="[P]" Column="ProductID"></ColumnReference></OuterReferences><RelOp NodeId="1" PhysicalOp="Index Seek" LogicalOp="Index Seek" EstimateRows="1" EstimatedRowsRead="1" EstimateIO="0.003125" EstimateCPU="0.0001581" AvgRowSize="40" EstimatedTotalSubtreeCost="0.0032831" TableCardinality="504" Parallel="0" EstimateRebinds="0" EstimateRewinds="0" EstimatedExecutionMode="Row"><OutputList><ColumnReference Database="[AdventureWorks2017]" Schema="[Production]" Table="[Product]" Alias="[P]" Column="ProductID"></ColumnReference><ColumnReference Database="[AdventureWorks2017]" Schema="[Production]" Table="[Product]" Alias="[P]" Column="ProductNumber"></ColumnReference></OutputList><RunTimeInformation><RunTimeCountersPerThread Thread="0" ActualRows="1" Batches="0" ActualElapsedms="0" ActualCPUms="0" ActualScans="0" ActualLogicalReads="2" ActualPhysicalReads="0" ActualReadAheads="0" ActualLobLogicalReads="0" ActualLobPhysicalReads="0" ActualLobReadAheads="0" ActualRowsRead="1" ActualEndOfScans="1" ActualExecutions="1" ActualExecutionMode="Row"></RunTimeCountersPerThread></RunTimeInformation><IndexScan Ordered="1" ScanDirection="FORWARD" ForcedIndex="0" ForceSeek="0" ForceScan="0" NoExpandHint="0" Storage="RowStore"><DefinedValues><DefinedValue><ColumnReference Database="[AdventureWorks2017]" Schema="[Production]" Table="[Product]" Alias="[P]" Column="ProductID"></ColumnReference></DefinedValue><DefinedValue><ColumnReference Database="[AdventureWorks2017]" Schema="[Production]" Table="[Product]" Alias="[P]" Column="ProductNumber"></ColumnReference></DefinedValue></DefinedValues><Object Database="[AdventureWorks2017]" Schema="[Production]" Table="[Product]" Index="[AK_Product_ProductNumber]" Alias="[P]" IndexKind="NonClustered" Storage="RowStore"></Object><SeekPredicates><SeekPredicateNew><SeekKeys><Prefix ScanType="EQ"><RangeColumns><ColumnReference Database="[AdventureWorks2017]" Schema="[Production]" Table="[Product]" Alias="[P]" Column="ProductNumber"></ColumnReference></RangeColumns><RangeExpressions><ScalarOperator ScalarString="CONVERT_IMPLICIT(nvarchar(4000),[@1],0)"><Convert DataType="nvarchar" Length="8000" Style="0" Implicit="1"><ScalarOperator><Identifier><ColumnReference Column="@1"></ColumnReference></Identifier></ScalarOperator></Convert></ScalarOperator></RangeExpressions></Prefix></SeekKeys></SeekPredicateNew></SeekPredicates></IndexScan></RelOp><RelOp NodeId="3" PhysicalOp="Clustered Index Seek" LogicalOp="Clustered Index Seek" EstimateRows="1" EstimateIO="0.003125" EstimateCPU="0.0001581" AvgRowSize="61" EstimatedTotalSubtreeCost="0.0032831" TableCardinality="504" Parallel="0" EstimateRebinds="0" EstimateRewinds="0" EstimatedExecutionMode="Row"><OutputList><ColumnReference Database="[AdventureWorks2017]" Schema="[Production]" Table="[Product]" Alias="[P]" Column="Name"></ColumnReference></OutputList><RunTimeInformation><RunTimeCountersPerThread Thread="0" ActualRows="1" Batches="0" ActualElapsedms="0" ActualCPUms="0" ActualScans="0" ActualLogicalReads="2" ActualPhysicalReads="0" ActualReadAheads="0" ActualLobLogicalReads="0" ActualLobPhysicalReads="0" ActualLobReadAheads="0" ActualRowsRead="1" ActualEndOfScans="0" ActualExecutions="1" ActualExecutionMode="Row"></RunTimeCountersPerThread></RunTimeInformation><IndexScan Lookup="1" Ordered="1" ScanDirection="FORWARD" ForcedIndex="0" ForceSeek="0" ForceScan="0" NoExpandHint="0" Storage="RowStore"><DefinedValues><DefinedValue><ColumnReference Database="[AdventureWorks2017]" Schema="[Production]" Table="[Product]" Alias="[P]" Column="Name"></ColumnReference></DefinedValue></DefinedValues><Object Database="[AdventureWorks2017]" Schema="[Production]" Table="[Product]" Index="[PK_Product_ProductID]" Alias="[P]" TableReferenceId="-1" IndexKind="Clustered" Storage="RowStore"></Object><SeekPredicates><SeekPredicateNew><SeekKeys><Prefix ScanType="EQ"><RangeColumns><ColumnReference Database="[AdventureWorks2017]" Schema="[Production]" Table="[Product]" Alias="[P]" Column="ProductID"></ColumnReference></RangeColumns><RangeExpressions><ScalarOperator ScalarString="[AdventureWorks2017].[Production].[Product].[ProductID] as [P].[ProductID]"><Identifier><ColumnReference Database="[AdventureWorks2017]" Schema="[Production]" Table="[Product]" Alias="[P]" Column="ProductID"></ColumnReference></Identifier></ScalarOperator></RangeExpressions></Prefix></SeekKeys></SeekPredicateNew></SeekPredicates></IndexScan></RelOp></NestedLoops></RelOp><ParameterList><ColumnReference Column="@1" ParameterDataType="varchar(8000)" ParameterCompiledValue="&apos;EC-R098&apos;" ParameterRuntimeValue="&apos;EC-R098&apos;"></ColumnReference></ParameterList></QueryPlan></StmtSimple></Statements></Batch></BatchSequence></ShowPlanXML>