<ShowPlanXML xmlns="http://schemas.microsoft.com/sqlserver/2004/07/showplan" Version="1.564" Build="16.0.4215.2"><BatchSequence><Batch><Statements><StmtSimple StatementText="SELECT JobCandidateID FROM HumanResources.JobCandidate jc&#xd;&#xa;INNER JOIN HumanResources.Employee e on jc.BusinessEntityID =e.BusinessEntityID&#xd;&#xa;ORDER BY e.BusinessEntityID,jc.JobCandidateID" StatementId="2" StatementCompId="2" StatementType="SELECT" RetrievedFromCache="true" StatementSubTreeCost="0.00960095" StatementEstRows="2" SecurityPolicyApplied="false" StatementOptmLevel="FULL" QueryHash="0xD8AC32B2ABBED3E9" QueryPlanHash="0x30CF7BBDBC30ECF2" StatementOptmEarlyAbortReason="GoodEnoughPlanFound" CardinalityEstimationModelVersion="140"><StatementSetOptions QUOTED_IDENTIFIER="true" ARITHABORT="true" CONCAT_NULL_YIELDS_NULL="true" ANSI_NULLS="true" ANSI_PADDING="true" ANSI_WARNINGS="true" NUMERIC_ROUNDABORT="false"></StatementSetOptions><QueryPlan DegreeOfParallelism="1" CachedPlanSize="24" CompileTime="4" CompileCPU="3" CompileMemory="304"><MemoryGrantInfo SerialRequiredMemory="0" SerialDesiredMemory="0" GrantedMemory="0" MaxUsedMemory="0"></MemoryGrantInfo><OptimizerHardwareDependentProperties EstimatedAvailableMemoryGrant="119782" EstimatedPagesCached="59891" EstimatedAvailableDegreeOfParallelism="4" MaxCompileMemory="5633160"></OptimizerHardwareDependentProperties><OptimizerStatsUsage><StatisticsInfo LastUpdate="2017-10-27T14:33:07.08" ModificationCount="0" SamplingPercent="100" Statistics="[PK_Employee_BusinessEntityID]" Table="[Employee]" Schema="[HumanResources]" Database="[AdventureWorks2017]"></StatisticsInfo><StatisticsInfo LastUpdate="2017-10-27T14:33:08.56" ModificationCount="0" SamplingPercent="100" Statistics="[IX_JobCandidate_BusinessEntityID]" Table="[JobCandidate]" Schema="[HumanResources]" Database="[AdventureWorks2017]"></StatisticsInfo></OptimizerStatsUsage><QueryTimeStats ElapsedTime="1" CpuTime="0"></QueryTimeStats><RelOp NodeId="0" PhysicalOp="Nested Loops" LogicalOp="Inner Join" EstimateRows="2" EstimateIO="0" EstimateCPU="5.434e-05" AvgRowSize="19" EstimatedTotalSubtreeCost="0.00960095" Parallel="0" EstimateRebinds="0" EstimateRewinds="0" EstimatedExecutionMode="Row"><OutputList><ColumnReference Database="[AdventureWorks2017]" Schema="[HumanResources]" Table="[JobCandidate]" Alias="[jc]" Column="JobCandidateID"></ColumnReference><ColumnReference Database="[AdventureWorks2017]" Schema="[HumanResources]" Table="[JobCandidate]" Alias="[jc]" Column="BusinessEntityID"></ColumnReference><ColumnReference Database="[AdventureWorks2017]" Schema="[HumanResources]" Table="[Employee]" Alias="[e]" Column="BusinessEntityID"></ColumnReference></OutputList><RunTimeInformation><RunTimeCountersPerThread Thread="0" ActualRows="2" Batches="0" ActualElapsedms="1" ActualCPUms="0" ActualEndOfScans="1" ActualExecutions="1" ActualExecutionMode="Row"></RunTimeCountersPerThread></RunTimeInformation><NestedLoops Optimized="0"><OuterReferences><ColumnReference Database="[AdventureWorks2017]" Schema="[HumanResources]" Table="[JobCandidate]" Alias="[jc]" Column="BusinessEntityID"></ColumnReference></OuterReferences><RelOp NodeId="1" PhysicalOp="Index Scan" LogicalOp="Index Scan" EstimateRows="13" EstimatedRowsRead="13" EstimateIO="0.003125" EstimateCPU="0.0001713" AvgRowSize="15" EstimatedTotalSubtreeCost="0.0032963" TableCardinality="13" Parallel="0" EstimateRebinds="0" EstimateRewinds="0" EstimatedExecutionMode="Row"><OutputList><ColumnReference Database="[AdventureWorks2017]" Schema="[HumanResources]" Table="[JobCandidate]" Alias="[jc]" Column="JobCandidateID"></ColumnReference><ColumnReference Database="[AdventureWorks2017]" Schema="[HumanResources]" Table="[JobCandidate]" Alias="[jc]" Column="BusinessEntityID"></ColumnReference></OutputList><RunTimeInformation><RunTimeCountersPerThread Thread="0" ActualRows="13" Batches="0" ActualElapsedms="1" ActualCPUms="0" ActualScans="1" ActualLogicalReads="2" ActualPhysicalReads="1" ActualReadAheads="0" ActualLobLogicalReads="0" ActualLobPhysicalReads="0" ActualLobReadAheads="0" ActualRowsRead="13" ActualEndOfScans="1" ActualExecutions="1" ActualExecutionMode="Row"></RunTimeCountersPerThread></RunTimeInformation><IndexScan Ordered="1" ScanDirection="FORWARD" ForcedIndex="0" ForceSeek="0" ForceScan="0" NoExpandHint="0" Storage="RowStore"><DefinedValues><DefinedValue><ColumnReference Database="[AdventureWorks2017]" Schema="[HumanResources]" Table="[JobCandidate]" Alias="[jc]" Column="JobCandidateID"></ColumnReference></DefinedValue><DefinedValue><ColumnReference Database="[AdventureWorks2017]" Schema="[HumanResources]" Table="[JobCandidate]" Alias="[jc]" Column="BusinessEntityID"></ColumnReference></DefinedValue></DefinedValues><Object Database="[AdventureWorks2017]" Schema="[HumanResources]" Table="[JobCandidate]" Index="[IX_JobCandidate_BusinessEntityID]" Alias="[jc]" IndexKind="NonClustered" Storage="RowStore"></Object></IndexScan></RelOp><RelOp NodeId="2" PhysicalOp="Clustered Index Seek" LogicalOp="Clustered Index Seek" EstimateRows="1" EstimatedRowsRead="1" EstimateIO="0.003125" EstimateCPU="0.0001581" AvgRowSize="11" EstimatedTotalSubtreeCost="0.00625031" TableCardinality="290" Parallel="0" EstimateRebinds="2" EstimateRewinds="10" EstimatedExecutionMode="Row"><OutputList><ColumnReference Database="[AdventureWorks2017]" Schema="[HumanResources]" Table="[Employee]" Alias="[e]" Column="BusinessEntityID"></ColumnReference></OutputList><RunTimeInformation><RunTimeCountersPerThread Thread="0" ActualRows="2" Batches="0" ActualElapsedms="0" ActualCPUms="0" ActualScans="0" ActualLogicalReads="4" ActualPhysicalReads="0" ActualReadAheads="0" ActualLobLogicalReads="0" ActualLobPhysicalReads="0" ActualLobReadAheads="0" ActualRowsRead="2" ActualEndOfScans="11" ActualExecutions="13" ActualExecutionMode="Row"></RunTimeCountersPerThread></RunTimeInformation><IndexScan Ordered="1" ScanDirection="FORWARD" ForcedIndex="0" ForceSeek="0" ForceScan="0" NoExpandHint="0" Storage="RowStore"><DefinedValues><DefinedValue><ColumnReference Database="[AdventureWorks2017]" Schema="[HumanResources]" Table="[Employee]" Alias="[e]" Column="BusinessEntityID"></ColumnReference></DefinedValue></DefinedValues><Object Database="[AdventureWorks2017]" Schema="[HumanResources]" Table="[Employee]" Index="[PK_Employee_BusinessEntityID]" Alias="[e]" IndexKind="Clustered" Storage="RowStore"></Object><SeekPredicates><SeekPredicateNew><SeekKeys><Prefix ScanType="EQ"><RangeColumns><ColumnReference Database="[AdventureWorks2017]" Schema="[HumanResources]" Table="[Employee]" Alias="[e]" Column="BusinessEntityID"></ColumnReference></RangeColumns><RangeExpressions><ScalarOperator ScalarString="[AdventureWorks2017].[HumanResources].[JobCandidate].[BusinessEntityID] as [jc].[BusinessEntityID]"><Identifier><ColumnReference Database="[AdventureWorks2017]" Schema="[HumanResources]" Table="[JobCandidate]" Alias="[jc]" Column="BusinessEntityID"></ColumnReference></Identifier></ScalarOperator></RangeExpressions></Prefix></SeekKeys></SeekPredicateNew></SeekPredicates></IndexScan></RelOp></NestedLoops></RelOp></QueryPlan></StmtSimple></Statements></Batch></BatchSequence></ShowPlanXML>