<ShowPlanXML xmlns="http://schemas.microsoft.com/sqlserver/2004/07/showplan" Version="1.564" Build="16.0.4215.2"><BatchSequence><Batch><Statements><StmtSimple StatementText="SELECT jc.Resume FROM HumanResources.JobCandidate jc&#xd;&#xa;INNER JOIN HumanResources.Employee e on jc.BusinessEntityID =e.BusinessEntityID&#xd;&#xa;ORDER BY e.BusinessEntityID,jc.JobCandidateID" StatementId="1" StatementCompId="1" StatementType="SELECT" RetrievedFromCache="true" StatementSubTreeCost="0.0284487" StatementEstRows="2" SecurityPolicyApplied="false" StatementOptmLevel="FULL" QueryHash="0xA953B7743890EA17" QueryPlanHash="0x394CA0B695CA93AD" StatementOptmEarlyAbortReason="GoodEnoughPlanFound" CardinalityEstimationModelVersion="140"><StatementSetOptions QUOTED_IDENTIFIER="true" ARITHABORT="true" CONCAT_NULL_YIELDS_NULL="true" ANSI_NULLS="true" ANSI_PADDING="true" ANSI_WARNINGS="true" NUMERIC_ROUNDABORT="false"></StatementSetOptions><QueryPlan DegreeOfParallelism="1" MemoryGrant="1024" CachedPlanSize="24" CompileTime="21" CompileCPU="21" CompileMemory="352"><MemoryGrantInfo SerialRequiredMemory="512" SerialDesiredMemory="640" RequiredMemory="512" DesiredMemory="640" RequestedMemory="1024" GrantWaitTime="0" MaxQueryMemory="1433888" GrantedMemory="1024" MaxUsedMemory="96"></MemoryGrantInfo><OptimizerHardwareDependentProperties EstimatedAvailableMemoryGrant="119782" EstimatedPagesCached="59891" EstimatedAvailableDegreeOfParallelism="4" MaxCompileMemory="5633160"></OptimizerHardwareDependentProperties><OptimizerStatsUsage><StatisticsInfo LastUpdate="2017-10-27T14:33:07.08" ModificationCount="0" SamplingPercent="100" Statistics="[PK_Employee_BusinessEntityID]" Table="[Employee]" Schema="[HumanResources]" Database="[AdventureWorks2017]"></StatisticsInfo><StatisticsInfo LastUpdate="2017-10-27T14:33:08.56" ModificationCount="0" SamplingPercent="100" Statistics="[IX_JobCandidate_BusinessEntityID]" Table="[JobCandidate]" Schema="[HumanResources]" Database="[AdventureWorks2017]"></StatisticsInfo></OptimizerStatsUsage><WaitStats><Wait WaitType="PAGEIOLATCH_SH" WaitTimeMs="3" WaitCount="5"></Wait></WaitStats><QueryTimeStats ElapsedTime="10" CpuTime="7"></QueryTimeStats><RelOp NodeId="0" PhysicalOp="Nested Loops" LogicalOp="Inner Join" EstimateRows="2" EstimateIO="0" EstimateCPU="5.434e-05" AvgRowSize="4047" EstimatedTotalSubtreeCost="0.0284487" Parallel="0" EstimateRebinds="0" EstimateRewinds="0" EstimatedExecutionMode="Row"><OutputList><ColumnReference Database="[AdventureWorks2017]" Schema="[HumanResources]" Table="[JobCandidate]" Alias="[jc]" Column="JobCandidateID"></ColumnReference><ColumnReference Database="[AdventureWorks2017]" Schema="[HumanResources]" Table="[JobCandidate]" Alias="[jc]" Column="BusinessEntityID"></ColumnReference><ColumnReference Database="[AdventureWorks2017]" Schema="[HumanResources]" Table="[JobCandidate]" Alias="[jc]" Column="Resume"></ColumnReference><ColumnReference Database="[AdventureWorks2017]" Schema="[HumanResources]" Table="[Employee]" Alias="[e]" Column="BusinessEntityID"></ColumnReference></OutputList><RunTimeInformation><RunTimeCountersPerThread Thread="0" ActualRows="2" Batches="0" ActualElapsedms="7" ActualCPUms="4" ActualEndOfScans="1" ActualExecutions="1" ActualExecutionMode="Row"></RunTimeCountersPerThread></RunTimeInformation><NestedLoops Optimized="0"><OuterReferences><ColumnReference Database="[AdventureWorks2017]" Schema="[HumanResources]" Table="[JobCandidate]" Alias="[jc]" Column="BusinessEntityID"></ColumnReference></OuterReferences><RelOp NodeId="1" PhysicalOp="Sort" LogicalOp="Sort" EstimateRows="13" EstimateIO="0.0112613" EstimateCPU="0.000179088" AvgRowSize="4043" EstimatedTotalSubtreeCost="0.0221441" Parallel="0" EstimateRebinds="0" EstimateRewinds="0" EstimatedExecutionMode="Row"><OutputList><ColumnReference Database="[AdventureWorks2017]" Schema="[HumanResources]" Table="[JobCandidate]" Alias="[jc]" Column="JobCandidateID"></ColumnReference><ColumnReference Database="[AdventureWorks2017]" Schema="[HumanResources]" Table="[JobCandidate]" Alias="[jc]" Column="BusinessEntityID"></ColumnReference><ColumnReference Database="[AdventureWorks2017]" Schema="[HumanResources]" Table="[JobCandidate]" Alias="[jc]" Column="Resume"></ColumnReference></OutputList><MemoryFractions Input="1" Output="1"></MemoryFractions><RunTimeInformation><RunTimeCountersPerThread Thread="0" ActualRows="13" Batches="0" ActualElapsedms="5" ActualCPUms="3" ActualScans="0" ActualLogicalReads="0" ActualPhysicalReads="0" ActualReadAheads="0" ActualLobLogicalReads="0" ActualLobPhysicalReads="0" ActualLobReadAheads="0" ActualRebinds="1" ActualRewinds="0" ActualEndOfScans="1" ActualExecutions="1" InputMemoryGrant="1024" OutputMemoryGrant="640" UsedMemoryGrant="96" ActualExecutionMode="Row"></RunTimeCountersPerThread></RunTimeInformation><Sort Distinct="0"><OrderBy><OrderByColumn Ascending="1"><ColumnReference Database="[AdventureWorks2017]" Schema="[HumanResources]" Table="[JobCandidate]" Alias="[jc]" Column="BusinessEntityID"></ColumnReference></OrderByColumn><OrderByColumn Ascending="1"><ColumnReference Database="[AdventureWorks2017]" Schema="[HumanResources]" Table="[JobCandidate]" Alias="[jc]" Column="JobCandidateID"></ColumnReference></OrderByColumn></OrderBy><RelOp NodeId="2" PhysicalOp="Clustered Index Scan" LogicalOp="Clustered Index Scan" EstimateRows="13" EstimatedRowsRead="13" EstimateIO="0.0105324" EstimateCPU="0.0001713" AvgRowSize="4043" EstimatedTotalSubtreeCost="0.0107037" TableCardinality="13" Parallel="0" EstimateRebinds="0" EstimateRewinds="0" EstimatedExecutionMode="Row"><OutputList><ColumnReference Database="[AdventureWorks2017]" Schema="[HumanResources]" Table="[JobCandidate]" Alias="[jc]" Column="JobCandidateID"></ColumnReference><ColumnReference Database="[AdventureWorks2017]" Schema="[HumanResources]" Table="[JobCandidate]" Alias="[jc]" Column="BusinessEntityID"></ColumnReference><ColumnReference Database="[AdventureWorks2017]" Schema="[HumanResources]" Table="[JobCandidate]" Alias="[jc]" Column="Resume"></ColumnReference></OutputList><RunTimeInformation><RunTimeCountersPerThread Thread="0" ActualRows="13" Batches="0" ActualElapsedms="4" ActualCPUms="2" ActualScans="1" ActualLogicalReads="13" ActualPhysicalReads="1" ActualReadAheads="18" ActualLobLogicalReads="0" ActualLobPhysicalReads="0" ActualLobReadAheads="0" ActualRowsRead="13" ActualEndOfScans="1" ActualExecutions="1" ActualExecutionMode="Row"></RunTimeCountersPerThread></RunTimeInformation><IndexScan Ordered="0" ForcedIndex="0" ForceScan="0" NoExpandHint="0" Storage="RowStore"><DefinedValues><DefinedValue><ColumnReference Database="[AdventureWorks2017]" Schema="[HumanResources]" Table="[JobCandidate]" Alias="[jc]" Column="JobCandidateID"></ColumnReference></DefinedValue><DefinedValue><ColumnReference Database="[AdventureWorks2017]" Schema="[HumanResources]" Table="[JobCandidate]" Alias="[jc]" Column="BusinessEntityID"></ColumnReference></DefinedValue><DefinedValue><ColumnReference Database="[AdventureWorks2017]" Schema="[HumanResources]" Table="[JobCandidate]" Alias="[jc]" Column="Resume"></ColumnReference></DefinedValue></DefinedValues><Object Database="[AdventureWorks2017]" Schema="[HumanResources]" Table="[JobCandidate]" Index="[PK_JobCandidate_JobCandidateID]" Alias="[jc]" IndexKind="Clustered" Storage="RowStore"></Object></IndexScan></RelOp></Sort></RelOp><RelOp NodeId="3" PhysicalOp="Clustered Index Seek" LogicalOp="Clustered Index Seek" EstimateRows="1" EstimatedRowsRead="1" EstimateIO="0.003125" EstimateCPU="0.0001581" AvgRowSize="11" EstimatedTotalSubtreeCost="0.00625031" TableCardinality="290" Parallel="0" EstimateRebinds="2" EstimateRewinds="10" EstimatedExecutionMode="Row"><OutputList><ColumnReference Database="[AdventureWorks2017]" Schema="[HumanResources]" Table="[Employee]" Alias="[e]" Column="BusinessEntityID"></ColumnReference></OutputList><RunTimeInformation><RunTimeCountersPerThread Thread="0" ActualRows="2" Batches="0" ActualElapsedms="1" ActualCPUms="0" ActualScans="0" ActualLogicalReads="4" ActualPhysicalReads="2" ActualReadAheads="0" ActualLobLogicalReads="0" ActualLobPhysicalReads="0" ActualLobReadAheads="0" ActualRowsRead="2" ActualEndOfScans="11" ActualExecutions="13" ActualExecutionMode="Row"></RunTimeCountersPerThread></RunTimeInformation><IndexScan Ordered="1" ScanDirection="FORWARD" ForcedIndex="0" ForceSeek="0" ForceScan="0" NoExpandHint="0" Storage="RowStore"><DefinedValues><DefinedValue><ColumnReference Database="[AdventureWorks2017]" Schema="[HumanResources]" Table="[Employee]" Alias="[e]" Column="BusinessEntityID"></ColumnReference></DefinedValue></DefinedValues><Object Database="[AdventureWorks2017]" Schema="[HumanResources]" Table="[Employee]" Index="[PK_Employee_BusinessEntityID]" Alias="[e]" IndexKind="Clustered" Storage="RowStore"></Object><SeekPredicates><SeekPredicateNew><SeekKeys><Prefix ScanType="EQ"><RangeColumns><ColumnReference Database="[AdventureWorks2017]" Schema="[HumanResources]" Table="[Employee]" Alias="[e]" Column="BusinessEntityID"></ColumnReference></RangeColumns><RangeExpressions><ScalarOperator ScalarString="[AdventureWorks2017].[HumanResources].[JobCandidate].[BusinessEntityID] as [jc].[BusinessEntityID]"><Identifier><ColumnReference Database="[AdventureWorks2017]" Schema="[HumanResources]" Table="[JobCandidate]" Alias="[jc]" Column="BusinessEntityID"></ColumnReference></Identifier></ScalarOperator></RangeExpressions></Prefix></SeekKeys></SeekPredicateNew></SeekPredicates></IndexScan></RelOp></NestedLoops></RelOp></QueryPlan></StmtSimple></Statements></Batch></BatchSequence></ShowPlanXML>