<ShowPlanXML xmlns="http://schemas.microsoft.com/sqlserver/2004/07/showplan" Version="1.564" Build="16.0.4215.2"><BatchSequence><Batch><Statements><StmtSimple StatementText="SELECT &#xd;&#xa;    ProductID, PV.BusinessEntityID, Name&#xd;&#xa;FROM &#xd;&#xa;    Purchasing.ProductVendor PPV &#xd;&#xa;JOIN &#xd;&#xa;    Purchasing.Vendor PV ON (PPV.BusinessEntityID =PV.BusinessEntityID)" StatementId="1" StatementCompId="1" StatementType="SELECT" RetrievedFromCache="true" StatementSubTreeCost="0.0147585" StatementEstRows="460" SecurityPolicyApplied="false" StatementOptmLevel="FULL" QueryHash="0x3FC865B64E8189A0" QueryPlanHash="0xE76DCCF840127598" StatementOptmEarlyAbortReason="GoodEnoughPlanFound" CardinalityEstimationModelVersion="140"><StatementSetOptions QUOTED_IDENTIFIER="true" ARITHABORT="true" CONCAT_NULL_YIELDS_NULL="true" ANSI_NULLS="true" ANSI_PADDING="true" ANSI_WARNINGS="true" NUMERIC_ROUNDABORT="false"></StatementSetOptions><QueryPlan DegreeOfParallelism="1" CachedPlanSize="24" CompileTime="7" CompileCPU="7" CompileMemory="288"><MemoryGrantInfo SerialRequiredMemory="0" SerialDesiredMemory="0" GrantedMemory="0" MaxUsedMemory="0"></MemoryGrantInfo><OptimizerHardwareDependentProperties EstimatedAvailableMemoryGrant="119782" EstimatedPagesCached="59891" EstimatedAvailableDegreeOfParallelism="4" MaxCompileMemory="5498512"></OptimizerHardwareDependentProperties><OptimizerStatsUsage><StatisticsInfo LastUpdate="2017-10-27T14:33:08.75" ModificationCount="0" SamplingPercent="100" Statistics="[IX_ProductVendor_BusinessEntityID]" Table="[ProductVendor]" Schema="[Purchasing]" Database="[AdventureWorks2017]"></StatisticsInfo><StatisticsInfo LastUpdate="2017-10-27T14:33:07.38" ModificationCount="0" SamplingPercent="100" Statistics="[PK_ProductVendor_ProductID_BusinessEntityID]" Table="[ProductVendor]" Schema="[Purchasing]" Database="[AdventureWorks2017]"></StatisticsInfo><StatisticsInfo LastUpdate="2017-10-27T14:33:08.74" ModificationCount="0" SamplingPercent="100" Statistics="[IX_ProductVendor_UnitMeasureCode]" Table="[ProductVendor]" Schema="[Purchasing]" Database="[AdventureWorks2017]"></StatisticsInfo><StatisticsInfo LastUpdate="2017-10-27T14:33:07.89" ModificationCount="0" SamplingPercent="100" Statistics="[PK_Vendor_BusinessEntityID]" Table="[Vendor]" Schema="[Purchasing]" Database="[AdventureWorks2017]"></StatisticsInfo></OptimizerStatsUsage><QueryTimeStats ElapsedTime="1" CpuTime="1"></QueryTimeStats><RelOp NodeId="0" PhysicalOp="Merge Join" LogicalOp="Inner Join" EstimateRows="460" EstimateIO="0" EstimateCPU="0.0068304" AvgRowSize="69" EstimatedTotalSubtreeCost="0.0147585" Parallel="0" EstimateRebinds="0" EstimateRewinds="0" EstimatedExecutionMode="Row"><OutputList><ColumnReference Database="[AdventureWorks2017]" Schema="[Purchasing]" Table="[ProductVendor]" Alias="[PPV]" Column="ProductID"></ColumnReference><ColumnReference Database="[AdventureWorks2017]" Schema="[Purchasing]" Table="[Vendor]" Alias="[PV]" Column="BusinessEntityID"></ColumnReference><ColumnReference Database="[AdventureWorks2017]" Schema="[Purchasing]" Table="[Vendor]" Alias="[PV]" Column="Name"></ColumnReference></OutputList><RunTimeInformation><RunTimeCountersPerThread Thread="0" ActualRows="460" Batches="0" ActualElapsedms="1" ActualCPUms="0" ActualScans="0" ActualLogicalReads="0" ActualPhysicalReads="0" ActualReadAheads="0" ActualLobLogicalReads="0" ActualLobPhysicalReads="0" ActualLobReadAheads="0" ActualEndOfScans="1" ActualExecutions="1" ActualExecutionMode="Row"></RunTimeCountersPerThread></RunTimeInformation><Merge ManyToMany="0"><InnerSideJoinColumns><ColumnReference Database="[AdventureWorks2017]" Schema="[Purchasing]" Table="[ProductVendor]" Alias="[PPV]" Column="BusinessEntityID"></ColumnReference></InnerSideJoinColumns><OuterSideJoinColumns><ColumnReference Database="[AdventureWorks2017]" Schema="[Purchasing]" Table="[Vendor]" Alias="[PV]" Column="BusinessEntityID"></ColumnReference></OuterSideJoinColumns><Residual><ScalarOperator ScalarString="[AdventureWorks2017].[Purchasing].[Vendor].[BusinessEntityID] as [PV].[BusinessEntityID]=[AdventureWorks2017].[Purchasing].[ProductVendor].[BusinessEntityID] as [PPV].[BusinessEntityID]"><Compare CompareOp="EQ"><ScalarOperator><Identifier><ColumnReference Database="[AdventureWorks2017]" Schema="[Purchasing]" Table="[Vendor]" Alias="[PV]" Column="BusinessEntityID"></ColumnReference></Identifier></ScalarOperator><ScalarOperator><Identifier><ColumnReference Database="[AdventureWorks2017]" Schema="[Purchasing]" Table="[ProductVendor]" Alias="[PPV]" Column="BusinessEntityID"></ColumnReference></Identifier></ScalarOperator></Compare></ScalarOperator></Residual><RelOp NodeId="1" PhysicalOp="Clustered Index Scan" LogicalOp="Clustered Index Scan" EstimateRows="104" EstimatedRowsRead="104" EstimateIO="0.00386574" EstimateCPU="0.0002714" AvgRowSize="65" EstimatedTotalSubtreeCost="0.00413714" TableCardinality="104" Parallel="0" EstimateRebinds="0" EstimateRewinds="0" EstimatedExecutionMode="Row"><OutputList><ColumnReference Database="[AdventureWorks2017]" Schema="[Purchasing]" Table="[Vendor]" Alias="[PV]" Column="BusinessEntityID"></ColumnReference><ColumnReference Database="[AdventureWorks2017]" Schema="[Purchasing]" Table="[Vendor]" Alias="[PV]" Column="Name"></ColumnReference></OutputList><RunTimeInformation><RunTimeCountersPerThread Thread="0" ActualRows="104" Batches="0" ActualElapsedms="0" ActualCPUms="0" ActualScans="1" ActualLogicalReads="4" ActualPhysicalReads="0" ActualReadAheads="0" ActualLobLogicalReads="0" ActualLobPhysicalReads="0" ActualLobReadAheads="0" ActualRowsRead="104" ActualEndOfScans="1" ActualExecutions="1" ActualExecutionMode="Row"></RunTimeCountersPerThread></RunTimeInformation><IndexScan Ordered="1" ScanDirection="FORWARD" ForcedIndex="0" ForceSeek="0" ForceScan="0" NoExpandHint="0" Storage="RowStore"><DefinedValues><DefinedValue><ColumnReference Database="[AdventureWorks2017]" Schema="[Purchasing]" Table="[Vendor]" Alias="[PV]" Column="BusinessEntityID"></ColumnReference></DefinedValue><DefinedValue><ColumnReference Database="[AdventureWorks2017]" Schema="[Purchasing]" Table="[Vendor]" Alias="[PV]" Column="Name"></ColumnReference></DefinedValue></DefinedValues><Object Database="[AdventureWorks2017]" Schema="[Purchasing]" Table="[Vendor]" Index="[PK_Vendor_BusinessEntityID]" Alias="[PV]" IndexKind="Clustered" Storage="RowStore"></Object></IndexScan></RelOp><RelOp NodeId="2" PhysicalOp="Index Scan" LogicalOp="Index Scan" EstimateRows="460" EstimatedRowsRead="460" EstimateIO="0.003125" EstimateCPU="0.000663" AvgRowSize="15" EstimatedTotalSubtreeCost="0.003788" TableCardinality="460" Parallel="0" EstimateRebinds="0" EstimateRewinds="0" EstimatedExecutionMode="Row"><OutputList><ColumnReference Database="[AdventureWorks2017]" Schema="[Purchasing]" Table="[ProductVendor]" Alias="[PPV]" Column="ProductID"></ColumnReference><ColumnReference Database="[AdventureWorks2017]" Schema="[Purchasing]" Table="[ProductVendor]" Alias="[PPV]" Column="BusinessEntityID"></ColumnReference></OutputList><RunTimeInformation><RunTimeCountersPerThread Thread="0" ActualRows="460" Batches="0" ActualElapsedms="0" ActualCPUms="0" ActualScans="1" ActualLogicalReads="2" ActualPhysicalReads="1" ActualReadAheads="0" ActualLobLogicalReads="0" ActualLobPhysicalReads="0" ActualLobReadAheads="0" ActualRowsRead="460" ActualEndOfScans="1" ActualExecutions="1" ActualExecutionMode="Row"></RunTimeCountersPerThread></RunTimeInformation><IndexScan Ordered="1" ScanDirection="FORWARD" ForcedIndex="0" ForceSeek="0" ForceScan="0" NoExpandHint="0" Storage="RowStore"><DefinedValues><DefinedValue><ColumnReference Database="[AdventureWorks2017]" Schema="[Purchasing]" Table="[ProductVendor]" Alias="[PPV]" Column="ProductID"></ColumnReference></DefinedValue><DefinedValue><ColumnReference Database="[AdventureWorks2017]" Schema="[Purchasing]" Table="[ProductVendor]" Alias="[PPV]" Column="BusinessEntityID"></ColumnReference></DefinedValue></DefinedValues><Object Database="[AdventureWorks2017]" Schema="[Purchasing]" Table="[ProductVendor]" Index="[IX_ProductVendor_BusinessEntityID]" Alias="[PPV]" IndexKind="NonClustered" Storage="RowStore"></Object></IndexScan></RelOp></Merge></RelOp></QueryPlan></StmtSimple></Statements></Batch></BatchSequence></ShowPlanXML>