<ShowPlanXML xmlns="http://schemas.microsoft.com/sqlserver/2004/07/showplan" Version="1.564" Build="16.0.4215.2"><BatchSequence><Batch><Statements><StmtSimple StatementText="SELECT &#xd;&#xa;    ProductID, PV.BusinessEntityID, Name&#xd;&#xa;FROM &#xd;&#xa;    Purchasing.ProductVendor PPV &#xd;&#xa;JOIN &#xd;&#xa;    Purchasing.Vendor PV ON (PPV.BusinessEntityID =PV.BusinessEntityID)&#xd;&#xa;WHERE &#xd;&#xa;    StandardPrice &gt; $10" StatementId="2" StatementCompId="2" StatementType="SELECT" RetrievedFromCache="true" StatementSubTreeCost="0.0346182" StatementEstRows="412" SecurityPolicyApplied="false" StatementOptmLevel="FULL" QueryHash="0x505940AA063DEB14" QueryPlanHash="0x7656DC59614D3844" StatementOptmEarlyAbortReason="GoodEnoughPlanFound" CardinalityEstimationModelVersion="140"><StatementSetOptions QUOTED_IDENTIFIER="true" ARITHABORT="true" CONCAT_NULL_YIELDS_NULL="true" ANSI_NULLS="true" ANSI_PADDING="true" ANSI_WARNINGS="true" NUMERIC_ROUNDABORT="false"></StatementSetOptions><QueryPlan DegreeOfParallelism="1" MemoryGrant="1088" CachedPlanSize="40" CompileTime="16" CompileCPU="13" CompileMemory="408"><MemoryGrantInfo SerialRequiredMemory="1024" SerialDesiredMemory="1088" RequiredMemory="1024" DesiredMemory="1088" RequestedMemory="1088" GrantWaitTime="0" MaxQueryMemory="1434576" GrantedMemory="1088" MaxUsedMemory="320"></MemoryGrantInfo><OptimizerHardwareDependentProperties EstimatedAvailableMemoryGrant="119782" EstimatedPagesCached="59891" EstimatedAvailableDegreeOfParallelism="4" MaxCompileMemory="5498512"></OptimizerHardwareDependentProperties><OptimizerStatsUsage><StatisticsInfo LastUpdate="2017-10-27T14:33:08.75" ModificationCount="0" SamplingPercent="100" Statistics="[IX_ProductVendor_BusinessEntityID]" Table="[ProductVendor]" Schema="[Purchasing]" Database="[AdventureWorks2017]"></StatisticsInfo><StatisticsInfo LastUpdate="2017-10-27T14:33:07.38" ModificationCount="0" SamplingPercent="100" Statistics="[PK_ProductVendor_ProductID_BusinessEntityID]" Table="[ProductVendor]" Schema="[Purchasing]" Database="[AdventureWorks2017]"></StatisticsInfo><StatisticsInfo LastUpdate="2017-10-27T14:33:08.74" ModificationCount="0" SamplingPercent="100" Statistics="[IX_ProductVendor_UnitMeasureCode]" Table="[ProductVendor]" Schema="[Purchasing]" Database="[AdventureWorks2017]"></StatisticsInfo><StatisticsInfo LastUpdate="2017-10-27T14:33:07.89" ModificationCount="0" SamplingPercent="100" Statistics="[PK_Vendor_BusinessEntityID]" Table="[Vendor]" Schema="[Purchasing]" Database="[AdventureWorks2017]"></StatisticsInfo><StatisticsInfo LastUpdate="2025-11-05T00:26:08.85" ModificationCount="0" SamplingPercent="100" Statistics="[_WA_Sys_00000004_5224328E]" Table="[ProductVendor]" Schema="[Purchasing]" Database="[AdventureWorks2017]"></StatisticsInfo></OptimizerStatsUsage><QueryTimeStats ElapsedTime="1" CpuTime="1"></QueryTimeStats><RelOp NodeId="0" PhysicalOp="Hash Match" LogicalOp="Inner Join" EstimateRows="412" EstimateIO="0" EstimateCPU="0.0235063" AvgRowSize="69" EstimatedTotalSubtreeCost="0.0346182" Parallel="0" EstimateRebinds="0" EstimateRewinds="0" EstimatedExecutionMode="Row"><OutputList><ColumnReference Database="[AdventureWorks2017]" Schema="[Purchasing]" Table="[ProductVendor]" Alias="[PPV]" Column="ProductID"></ColumnReference><ColumnReference Database="[AdventureWorks2017]" Schema="[Purchasing]" Table="[Vendor]" Alias="[PV]" Column="BusinessEntityID"></ColumnReference><ColumnReference Database="[AdventureWorks2017]" Schema="[Purchasing]" Table="[Vendor]" Alias="[PV]" Column="Name"></ColumnReference></OutputList><MemoryFractions Input="1" Output="1"></MemoryFractions><RunTimeInformation><RunTimeCountersPerThread Thread="0" ActualRows="412" Batches="0" ActualElapsedms="0" ActualCPUms="0" ActualScans="0" ActualLogicalReads="0" ActualPhysicalReads="0" ActualReadAheads="0" ActualLobLogicalReads="0" ActualLobPhysicalReads="0" ActualLobReadAheads="0" ActualEndOfScans="1" ActualExecutions="1" InputMemoryGrant="1088" OutputMemoryGrant="1088" UsedMemoryGrant="320" ActualExecutionMode="Row"></RunTimeCountersPerThread></RunTimeInformation><Hash><DefinedValues></DefinedValues><HashKeysBuild><ColumnReference Database="[AdventureWorks2017]" Schema="[Purchasing]" Table="[Vendor]" Alias="[PV]" Column="BusinessEntityID"></ColumnReference></HashKeysBuild><HashKeysProbe><ColumnReference Database="[AdventureWorks2017]" Schema="[Purchasing]" Table="[ProductVendor]" Alias="[PPV]" Column="BusinessEntityID"></ColumnReference></HashKeysProbe><RelOp NodeId="1" PhysicalOp="Clustered Index Scan" LogicalOp="Clustered Index Scan" EstimateRows="104" EstimatedRowsRead="104" EstimateIO="0.00386574" EstimateCPU="0.0002714" AvgRowSize="65" EstimatedTotalSubtreeCost="0.00413714" TableCardinality="104" Parallel="0" EstimateRebinds="0" EstimateRewinds="0" EstimatedExecutionMode="Row"><OutputList><ColumnReference Database="[AdventureWorks2017]" Schema="[Purchasing]" Table="[Vendor]" Alias="[PV]" Column="BusinessEntityID"></ColumnReference><ColumnReference Database="[AdventureWorks2017]" Schema="[Purchasing]" Table="[Vendor]" Alias="[PV]" Column="Name"></ColumnReference></OutputList><RunTimeInformation><RunTimeCountersPerThread Thread="0" ActualRows="104" Batches="0" ActualElapsedms="0" ActualCPUms="0" ActualScans="1" ActualLogicalReads="4" ActualPhysicalReads="0" ActualReadAheads="0" ActualLobLogicalReads="0" ActualLobPhysicalReads="0" ActualLobReadAheads="0" ActualRowsRead="104" ActualEndOfScans="1" ActualExecutions="1" ActualExecutionMode="Row"></RunTimeCountersPerThread></RunTimeInformation><IndexScan Ordered="0" ForcedIndex="0" ForceScan="0" NoExpandHint="0" Storage="RowStore"><DefinedValues><DefinedValue><ColumnReference Database="[AdventureWorks2017]" Schema="[Purchasing]" Table="[Vendor]" Alias="[PV]" Column="BusinessEntityID"></ColumnReference></DefinedValue><DefinedValue><ColumnReference Database="[AdventureWorks2017]" Schema="[Purchasing]" Table="[Vendor]" Alias="[PV]" Column="Name"></ColumnReference></DefinedValue></DefinedValues><Object Database="[AdventureWorks2017]" Schema="[Purchasing]" Table="[Vendor]" Index="[PK_Vendor_BusinessEntityID]" Alias="[PV]" IndexKind="Clustered" Storage="RowStore"></Object></IndexScan></RelOp><RelOp NodeId="2" PhysicalOp="Clustered Index Scan" LogicalOp="Clustered Index Scan" EstimateRows="412" EstimatedRowsRead="460" EstimateIO="0.00608796" EstimateCPU="0.000663" AvgRowSize="23" EstimatedTotalSubtreeCost="0.00675096" TableCardinality="460" Parallel="0" EstimateRebinds="0" EstimateRewinds="0" EstimatedExecutionMode="Row"><OutputList><ColumnReference Database="[AdventureWorks2017]" Schema="[Purchasing]" Table="[ProductVendor]" Alias="[PPV]" Column="ProductID"></ColumnReference><ColumnReference Database="[AdventureWorks2017]" Schema="[Purchasing]" Table="[ProductVendor]" Alias="[PPV]" Column="BusinessEntityID"></ColumnReference></OutputList><RunTimeInformation><RunTimeCountersPerThread Thread="0" ActualRows="412" Batches="0" ActualElapsedms="0" ActualCPUms="0" ActualScans="1" ActualLogicalReads="7" ActualPhysicalReads="0" ActualReadAheads="0" ActualLobLogicalReads="0" ActualLobPhysicalReads="0" ActualLobReadAheads="0" ActualRowsRead="460" ActualEndOfScans="1" ActualExecutions="1" ActualExecutionMode="Row"></RunTimeCountersPerThread></RunTimeInformation><IndexScan Ordered="0" ForcedIndex="0" ForceScan="0" NoExpandHint="0" Storage="RowStore"><DefinedValues><DefinedValue><ColumnReference Database="[AdventureWorks2017]" Schema="[Purchasing]" Table="[ProductVendor]" Alias="[PPV]" Column="ProductID"></ColumnReference></DefinedValue><DefinedValue><ColumnReference Database="[AdventureWorks2017]" Schema="[Purchasing]" Table="[ProductVendor]" Alias="[PPV]" Column="BusinessEntityID"></ColumnReference></DefinedValue></DefinedValues><Object Database="[AdventureWorks2017]" Schema="[Purchasing]" Table="[ProductVendor]" Index="[PK_ProductVendor_ProductID_BusinessEntityID]" Alias="[PPV]" IndexKind="Clustered" Storage="RowStore"></Object><Predicate><ScalarOperator ScalarString="[AdventureWorks2017].[Purchasing].[ProductVendor].[StandardPrice] as [PPV].[StandardPrice]&gt;($10.0000)"><Compare CompareOp="GT"><ScalarOperator><Identifier><ColumnReference Database="[AdventureWorks2017]" Schema="[Purchasing]" Table="[ProductVendor]" Alias="[PPV]" Column="StandardPrice"></ColumnReference></Identifier></ScalarOperator><ScalarOperator><Const ConstValue="($10.0000)"></Const></ScalarOperator></Compare></ScalarOperator></Predicate></IndexScan></RelOp></Hash></RelOp></QueryPlan></StmtSimple></Statements></Batch></BatchSequence></ShowPlanXML>