<ShowPlanXML xmlns="http://schemas.microsoft.com/sqlserver/2004/07/showplan" Version="1.564" Build="16.0.4215.2"><BatchSequence><Batch><Statements><StmtSimple StatementText="SELECT &#xd;&#xa;    ProductID, PV.BusinessEntityID, Name&#xd;&#xa;FROM &#xd;&#xa;    Purchasing.ProductVendor PPV &#xd;&#xa;JOIN &#xd;&#xa;    Purchasing.Vendor PV ON (PPV.BusinessEntityID =PV.BusinessEntityID)&#xd;&#xa;WHERE &#xd;&#xa;    StandardPrice &gt; $10 AND Name LIKE N&apos;F%&apos;" StatementId="3" StatementCompId="3" StatementType="SELECT" RetrievedFromCache="true" StatementSubTreeCost="0.0302762" StatementEstRows="33.2155" SecurityPolicyApplied="false" StatementOptmLevel="FULL" QueryHash="0x49FF2AB5CD785061" QueryPlanHash="0x3D3111FDB75226C8" StatementOptmEarlyAbortReason="GoodEnoughPlanFound" CardinalityEstimationModelVersion="140"><StatementSetOptions QUOTED_IDENTIFIER="true" ARITHABORT="true" CONCAT_NULL_YIELDS_NULL="true" ANSI_NULLS="true" ANSI_PADDING="true" ANSI_WARNINGS="true" NUMERIC_ROUNDABORT="false"></StatementSetOptions><QueryPlan DegreeOfParallelism="1" CachedPlanSize="32" CompileTime="11" CompileCPU="9" CompileMemory="456"><MemoryGrantInfo SerialRequiredMemory="0" SerialDesiredMemory="0" GrantedMemory="0" MaxUsedMemory="0"></MemoryGrantInfo><OptimizerHardwareDependentProperties EstimatedAvailableMemoryGrant="119782" EstimatedPagesCached="59891" EstimatedAvailableDegreeOfParallelism="4" MaxCompileMemory="5498512"></OptimizerHardwareDependentProperties><OptimizerStatsUsage><StatisticsInfo LastUpdate="2017-10-27T14:33:08.75" ModificationCount="0" SamplingPercent="100" Statistics="[IX_ProductVendor_BusinessEntityID]" Table="[ProductVendor]" Schema="[Purchasing]" Database="[AdventureWorks2017]"></StatisticsInfo><StatisticsInfo LastUpdate="2017-10-27T14:33:07.38" ModificationCount="0" SamplingPercent="100" Statistics="[PK_ProductVendor_ProductID_BusinessEntityID]" Table="[ProductVendor]" Schema="[Purchasing]" Database="[AdventureWorks2017]"></StatisticsInfo><StatisticsInfo LastUpdate="2017-10-27T14:33:08.74" ModificationCount="0" SamplingPercent="100" Statistics="[IX_ProductVendor_UnitMeasureCode]" Table="[ProductVendor]" Schema="[Purchasing]" Database="[AdventureWorks2017]"></StatisticsInfo><StatisticsInfo LastUpdate="2017-10-27T14:33:07.89" ModificationCount="0" SamplingPercent="100" Statistics="[PK_Vendor_BusinessEntityID]" Table="[Vendor]" Schema="[Purchasing]" Database="[AdventureWorks2017]"></StatisticsInfo><StatisticsInfo LastUpdate="2025-11-05T00:26:08.85" ModificationCount="0" SamplingPercent="100" Statistics="[_WA_Sys_00000004_5224328E]" Table="[ProductVendor]" Schema="[Purchasing]" Database="[AdventureWorks2017]"></StatisticsInfo><StatisticsInfo LastUpdate="2025-11-05T00:26:08.87" ModificationCount="0" SamplingPercent="100" Statistics="[_WA_Sys_00000003_54CB950F]" Table="[Vendor]" Schema="[Purchasing]" Database="[AdventureWorks2017]"></StatisticsInfo></OptimizerStatsUsage><QueryTimeStats ElapsedTime="0" CpuTime="0"></QueryTimeStats><RelOp NodeId="0" PhysicalOp="Nested Loops" LogicalOp="Inner Join" EstimateRows="33.2155" EstimateIO="0" EstimateCPU="0.000155016" AvgRowSize="77" EstimatedTotalSubtreeCost="0.0302762" Parallel="0" EstimateRebinds="0" EstimateRewinds="0" EstimatedExecutionMode="Row"><OutputList><ColumnReference Database="[AdventureWorks2017]" Schema="[Purchasing]" Table="[ProductVendor]" Alias="[PPV]" Column="ProductID"></ColumnReference><ColumnReference Database="[AdventureWorks2017]" Schema="[Purchasing]" Table="[Vendor]" Alias="[PV]" Column="BusinessEntityID"></ColumnReference><ColumnReference Database="[AdventureWorks2017]" Schema="[Purchasing]" Table="[Vendor]" Alias="[PV]" Column="Name"></ColumnReference></OutputList><RunTimeInformation><RunTimeCountersPerThread Thread="0" ActualRows="12" Batches="0" ActualElapsedms="0" ActualCPUms="0" ActualEndOfScans="1" ActualExecutions="1" ActualExecutionMode="Row"></RunTimeCountersPerThread></RunTimeInformation><NestedLoops Optimized="0"><OuterReferences><ColumnReference Database="[AdventureWorks2017]" Schema="[Purchasing]" Table="[ProductVendor]" Alias="[PPV]" Column="ProductID"></ColumnReference><ColumnReference Database="[AdventureWorks2017]" Schema="[Purchasing]" Table="[ProductVendor]" Alias="[PPV]" Column="BusinessEntityID"></ColumnReference></OuterReferences><RelOp NodeId="1" PhysicalOp="Nested Loops" LogicalOp="Inner Join" EstimateRows="37.0853" EstimateIO="0" EstimateCPU="0.000155016" AvgRowSize="73" EstimatedTotalSubtreeCost="0.008638" Parallel="0" EstimateRebinds="0" EstimateRewinds="0" EstimatedExecutionMode="Row"><OutputList><ColumnReference Database="[AdventureWorks2017]" Schema="[Purchasing]" Table="[ProductVendor]" Alias="[PPV]" Column="ProductID"></ColumnReference><ColumnReference Database="[AdventureWorks2017]" Schema="[Purchasing]" Table="[ProductVendor]" Alias="[PPV]" Column="BusinessEntityID"></ColumnReference><ColumnReference Database="[AdventureWorks2017]" Schema="[Purchasing]" Table="[Vendor]" Alias="[PV]" Column="BusinessEntityID"></ColumnReference><ColumnReference Database="[AdventureWorks2017]" Schema="[Purchasing]" Table="[Vendor]" Alias="[PV]" Column="Name"></ColumnReference></OutputList><RunTimeInformation><RunTimeCountersPerThread Thread="0" ActualRows="14" Batches="0" ActualElapsedms="0" ActualCPUms="0" ActualEndOfScans="1" ActualExecutions="1" ActualExecutionMode="Row"></RunTimeCountersPerThread></RunTimeInformation><NestedLoops Optimized="0"><OuterReferences><ColumnReference Database="[AdventureWorks2017]" Schema="[Purchasing]" Table="[Vendor]" Alias="[PV]" Column="BusinessEntityID"></ColumnReference></OuterReferences><RelOp NodeId="2" PhysicalOp="Clustered Index Scan" LogicalOp="Clustered Index Scan" EstimateRows="6.93333" EstimatedRowsRead="104" EstimateIO="0.00386574" EstimateCPU="0.0002714" AvgRowSize="65" EstimatedTotalSubtreeCost="0.00413714" TableCardinality="104" Parallel="0" EstimateRebinds="0" EstimateRewinds="0" EstimatedExecutionMode="Row"><OutputList><ColumnReference Database="[AdventureWorks2017]" Schema="[Purchasing]" Table="[Vendor]" Alias="[PV]" Column="BusinessEntityID"></ColumnReference><ColumnReference Database="[AdventureWorks2017]" Schema="[Purchasing]" Table="[Vendor]" Alias="[PV]" Column="Name"></ColumnReference></OutputList><RunTimeInformation><RunTimeCountersPerThread Thread="0" ActualRows="4" Batches="0" ActualElapsedms="0" ActualCPUms="0" ActualScans="1" ActualLogicalReads="4" ActualPhysicalReads="0" ActualReadAheads="0" ActualLobLogicalReads="0" ActualLobPhysicalReads="0" ActualLobReadAheads="0" ActualRowsRead="104" ActualEndOfScans="1" ActualExecutions="1" ActualExecutionMode="Row"></RunTimeCountersPerThread></RunTimeInformation><IndexScan Ordered="0" ForcedIndex="0" ForceScan="0" NoExpandHint="0" Storage="RowStore"><DefinedValues><DefinedValue><ColumnReference Database="[AdventureWorks2017]" Schema="[Purchasing]" Table="[Vendor]" Alias="[PV]" Column="BusinessEntityID"></ColumnReference></DefinedValue><DefinedValue><ColumnReference Database="[AdventureWorks2017]" Schema="[Purchasing]" Table="[Vendor]" Alias="[PV]" Column="Name"></ColumnReference></DefinedValue></DefinedValues><Object Database="[AdventureWorks2017]" Schema="[Purchasing]" Table="[Vendor]" Index="[PK_Vendor_BusinessEntityID]" Alias="[PV]" IndexKind="Clustered" Storage="RowStore"></Object><Predicate><ScalarOperator ScalarString="[AdventureWorks2017].[Purchasing].[Vendor].[Name] as [PV].[Name] like N&apos;F%&apos;"><Intrinsic FunctionName="like"><ScalarOperator><Identifier><ColumnReference Database="[AdventureWorks2017]" Schema="[Purchasing]" Table="[Vendor]" Alias="[PV]" Column="Name"></ColumnReference></Identifier></ScalarOperator><ScalarOperator><Const ConstValue="N&apos;F%&apos;"></Const></ScalarOperator></Intrinsic></ScalarOperator></Predicate></IndexScan></RelOp><RelOp NodeId="3" PhysicalOp="Index Seek" LogicalOp="Index Seek" EstimateRows="5.34884" EstimatedRowsRead="5.34884" EstimateIO="0.003125" EstimateCPU="0.000162884" AvgRowSize="15" EstimatedTotalSubtreeCost="0.00425433" TableCardinality="460" Parallel="0" EstimateRebinds="5.93333" EstimateRewinds="0" EstimatedExecutionMode="Row"><OutputList><ColumnReference Database="[AdventureWorks2017]" Schema="[Purchasing]" Table="[ProductVendor]" Alias="[PPV]" Column="ProductID"></ColumnReference><ColumnReference Database="[AdventureWorks2017]" Schema="[Purchasing]" Table="[ProductVendor]" Alias="[PPV]" Column="BusinessEntityID"></ColumnReference></OutputList><RunTimeInformation><RunTimeCountersPerThread Thread="0" ActualRows="14" Batches="0" ActualElapsedms="0" ActualCPUms="0" ActualScans="4" ActualLogicalReads="8" ActualPhysicalReads="0" ActualReadAheads="0" ActualLobLogicalReads="0" ActualLobPhysicalReads="0" ActualLobReadAheads="0" ActualRowsRead="14" ActualEndOfScans="4" ActualExecutions="4" ActualExecutionMode="Row"></RunTimeCountersPerThread></RunTimeInformation><IndexScan Ordered="1" ScanDirection="FORWARD" ForcedIndex="0" ForceSeek="0" ForceScan="0" NoExpandHint="0" Storage="RowStore"><DefinedValues><DefinedValue><ColumnReference Database="[AdventureWorks2017]" Schema="[Purchasing]" Table="[ProductVendor]" Alias="[PPV]" Column="ProductID"></ColumnReference></DefinedValue><DefinedValue><ColumnReference Database="[AdventureWorks2017]" Schema="[Purchasing]" Table="[ProductVendor]" Alias="[PPV]" Column="BusinessEntityID"></ColumnReference></DefinedValue></DefinedValues><Object Database="[AdventureWorks2017]" Schema="[Purchasing]" Table="[ProductVendor]" Index="[IX_ProductVendor_BusinessEntityID]" Alias="[PPV]" IndexKind="NonClustered" Storage="RowStore"></Object><SeekPredicates><SeekPredicateNew><SeekKeys><Prefix ScanType="EQ"><RangeColumns><ColumnReference Database="[AdventureWorks2017]" Schema="[Purchasing]" Table="[ProductVendor]" Alias="[PPV]" Column="BusinessEntityID"></ColumnReference></RangeColumns><RangeExpressions><ScalarOperator ScalarString="[AdventureWorks2017].[Purchasing].[Vendor].[BusinessEntityID] as [PV].[BusinessEntityID]"><Identifier><ColumnReference Database="[AdventureWorks2017]" Schema="[Purchasing]" Table="[Vendor]" Alias="[PV]" Column="BusinessEntityID"></ColumnReference></Identifier></ScalarOperator></RangeExpressions></Prefix></SeekKeys></SeekPredicateNew></SeekPredicates></IndexScan></RelOp></NestedLoops></RelOp><RelOp NodeId="5" PhysicalOp="Clustered Index Seek" LogicalOp="Clustered Index Seek" EstimateRows="33.2155" EstimateIO="0.003125" EstimateCPU="0.0001581" AvgRowSize="15" EstimatedTotalSubtreeCost="0.0214832" TableCardinality="460" Parallel="0" EstimateRebinds="36.0853" EstimateRewinds="0" EstimatedExecutionMode="Row"><OutputList></OutputList><RunTimeInformation><RunTimeCountersPerThread Thread="0" ActualRows="12" Batches="0" ActualElapsedms="0" ActualCPUms="0" ActualScans="0" ActualLogicalReads="28" ActualPhysicalReads="0" ActualReadAheads="0" ActualLobLogicalReads="0" ActualLobPhysicalReads="0" ActualLobReadAheads="0" ActualRowsRead="14" ActualEndOfScans="2" ActualExecutions="14" ActualExecutionMode="Row"></RunTimeCountersPerThread></RunTimeInformation><IndexScan Lookup="1" Ordered="1" ScanDirection="FORWARD" ForcedIndex="0" ForceSeek="0" ForceScan="0" NoExpandHint="0" Storage="RowStore"><DefinedValues></DefinedValues><Object Database="[AdventureWorks2017]" Schema="[Purchasing]" Table="[ProductVendor]" Index="[PK_ProductVendor_ProductID_BusinessEntityID]" Alias="[PPV]" TableReferenceId="-1" IndexKind="Clustered" Storage="RowStore"></Object><SeekPredicates><SeekPredicateNew><SeekKeys><Prefix ScanType="EQ"><RangeColumns><ColumnReference Database="[AdventureWorks2017]" Schema="[Purchasing]" Table="[ProductVendor]" Alias="[PPV]" Column="ProductID"></ColumnReference><ColumnReference Database="[AdventureWorks2017]" Schema="[Purchasing]" Table="[ProductVendor]" Alias="[PPV]" Column="BusinessEntityID"></ColumnReference></RangeColumns><RangeExpressions><ScalarOperator ScalarString="[AdventureWorks2017].[Purchasing].[ProductVendor].[ProductID] as [PPV].[ProductID]"><Identifier><ColumnReference Database="[AdventureWorks2017]" Schema="[Purchasing]" Table="[ProductVendor]" Alias="[PPV]" Column="ProductID"></ColumnReference></Identifier></ScalarOperator><ScalarOperator ScalarString="[AdventureWorks2017].[Purchasing].[ProductVendor].[BusinessEntityID] as [PPV].[BusinessEntityID]"><Identifier><ColumnReference Database="[AdventureWorks2017]" Schema="[Purchasing]" Table="[ProductVendor]" Alias="[PPV]" Column="BusinessEntityID"></ColumnReference></Identifier></ScalarOperator></RangeExpressions></Prefix></SeekKeys></SeekPredicateNew></SeekPredicates><Predicate><ScalarOperator ScalarString="[AdventureWorks2017].[Purchasing].[ProductVendor].[StandardPrice] as [PPV].[StandardPrice]&gt;($10.0000)"><Compare CompareOp="GT"><ScalarOperator><Identifier><ColumnReference Database="[AdventureWorks2017]" Schema="[Purchasing]" Table="[ProductVendor]" Alias="[PPV]" Column="StandardPrice"></ColumnReference></Identifier></ScalarOperator><ScalarOperator><Const ConstValue="($10.0000)"></Const></ScalarOperator></Compare></ScalarOperator></Predicate></IndexScan></RelOp></NestedLoops></RelOp></QueryPlan></StmtSimple></Statements></Batch></BatchSequence></ShowPlanXML>