<ShowPlanXML xmlns="http://schemas.microsoft.com/sqlserver/2004/07/showplan" Version="1.564" Build="16.0.4215.2"><BatchSequence><Batch><Statements><StmtSimple StatementText="SELECT count(NameStyle) FROM Person.Person" StatementId="1" StatementCompId="1" StatementType="SELECT" RetrievedFromCache="true" StatementSubTreeCost="0.0846423" StatementEstRows="1" SecurityPolicyApplied="false" StatementOptmLevel="TRIVIAL" QueryHash="0xD1620F7A6DAFB6D7" QueryPlanHash="0xCE566F16B96DD1D0" CardinalityEstimationModelVersion="140"><StatementSetOptions QUOTED_IDENTIFIER="true" ARITHABORT="true" CONCAT_NULL_YIELDS_NULL="true" ANSI_NULLS="true" ANSI_PADDING="true" ANSI_WARNINGS="true" NUMERIC_ROUNDABORT="false"></StatementSetOptions><QueryPlan DegreeOfParallelism="1" CachedPlanSize="16" CompileTime="6" CompileCPU="6" CompileMemory="128"><MemoryGrantInfo SerialRequiredMemory="0" SerialDesiredMemory="0" GrantedMemory="0" MaxUsedMemory="0"></MemoryGrantInfo><OptimizerHardwareDependentProperties EstimatedAvailableMemoryGrant="119782" EstimatedPagesCached="59891" EstimatedAvailableDegreeOfParallelism="4" MaxCompileMemory="5707048"></OptimizerHardwareDependentProperties><WaitStats><Wait WaitType="PAGEIOLATCH_SH" WaitTimeMs="2" WaitCount="1"></Wait></WaitStats><QueryTimeStats ElapsedTime="9" CpuTime="8"></QueryTimeStats><RelOp NodeId="0" PhysicalOp="Compute Scalar" LogicalOp="Compute Scalar" EstimateRows="1" EstimateIO="0" EstimateCPU="0" AvgRowSize="11" EstimatedTotalSubtreeCost="0.0846423" Parallel="0" EstimateRebinds="0" EstimateRewinds="0" EstimatedExecutionMode="Row"><OutputList><ColumnReference Column="Expr1002"></ColumnReference></OutputList><ComputeScalar><DefinedValues><DefinedValue><ColumnReference Column="Expr1002"></ColumnReference><ScalarOperator ScalarString="CONVERT_IMPLICIT(int,[Expr1003],0)"><Convert DataType="int" Style="0" Implicit="1"><ScalarOperator><Identifier><ColumnReference Column="Expr1003"></ColumnReference></Identifier></ScalarOperator></Convert></ScalarOperator></DefinedValue></DefinedValues><RelOp NodeId="1" PhysicalOp="Stream Aggregate" LogicalOp="Aggregate" EstimateRows="1" EstimateIO="0" EstimateCPU="0.0119837" AvgRowSize="11" EstimatedTotalSubtreeCost="0.0846423" Parallel="0" EstimateRebinds="0" EstimateRewinds="0" EstimatedExecutionMode="Row"><OutputList><ColumnReference Column="Expr1003"></ColumnReference></OutputList><RunTimeInformation><RunTimeCountersPerThread Thread="0" ActualRows="1" Batches="0" ActualElapsedms="9" ActualCPUms="7" ActualEndOfScans="1" ActualExecutions="1" ActualExecutionMode="Row"></RunTimeCountersPerThread></RunTimeInformation><StreamAggregate><DefinedValues><DefinedValue><ColumnReference Column="Expr1003"></ColumnReference><ScalarOperator ScalarString="Count(*)"><Aggregate AggType="countstar" Distinct="0"></Aggregate></ScalarOperator></DefinedValue></DefinedValues><RelOp NodeId="2" PhysicalOp="Index Scan" LogicalOp="Index Scan" EstimateRows="19972" EstimatedRowsRead="19972" EstimateIO="0.0505324" EstimateCPU="0.0221262" AvgRowSize="9" EstimatedTotalSubtreeCost="0.0726586" TableCardinality="19972" Parallel="0" EstimateRebinds="0" EstimateRewinds="0" EstimatedExecutionMode="Row"><OutputList></OutputList><RunTimeInformation><RunTimeCountersPerThread Thread="0" ActualRows="19972" Batches="0" ActualElapsedms="8" ActualCPUms="6" ActualScans="1" ActualLogicalReads="67" ActualPhysicalReads="1" ActualReadAheads="65" ActualLobLogicalReads="0" ActualLobPhysicalReads="0" ActualLobReadAheads="0" ActualRowsRead="19972" ActualEndOfScans="1" ActualExecutions="1" ActualExecutionMode="Row"></RunTimeCountersPerThread></RunTimeInformation><IndexScan Ordered="0" ForcedIndex="0" ForceSeek="0" ForceScan="0" NoExpandHint="0" Storage="RowStore"><DefinedValues></DefinedValues><Object Database="[AdventureWorks2017]" Schema="[Person]" Table="[Person]" Index="[AK_Person_rowguid]" IndexKind="NonClustered" Storage="RowStore"></Object></IndexScan></RelOp></StreamAggregate></RelOp></ComputeScalar></RelOp></QueryPlan></StmtSimple></Statements></Batch></BatchSequence></ShowPlanXML>