<ShowPlanXML xmlns="http://schemas.microsoft.com/sqlserver/2004/07/showplan" Version="1.564" Build="16.0.4215.2"><BatchSequence><Batch><Statements><StmtSimple StatementText="SELECT count(Title) FROM Person.Person" StatementId="2" StatementCompId="2" StatementType="SELECT" RetrievedFromCache="true" StatementSubTreeCost="2.85946" StatementEstRows="1" SecurityPolicyApplied="false" StatementOptmLevel="TRIVIAL" QueryHash="0x4529FBF2170C07F4" QueryPlanHash="0x14E7156485F087C4" CardinalityEstimationModelVersion="140"><StatementSetOptions QUOTED_IDENTIFIER="true" ARITHABORT="true" CONCAT_NULL_YIELDS_NULL="true" ANSI_NULLS="true" ANSI_PADDING="true" ANSI_WARNINGS="true" NUMERIC_ROUNDABORT="false"></StatementSetOptions><QueryPlan DegreeOfParallelism="1" CachedPlanSize="16" CompileTime="1" CompileCPU="1" CompileMemory="128"><MemoryGrantInfo SerialRequiredMemory="0" SerialDesiredMemory="0" GrantedMemory="0" MaxUsedMemory="0"></MemoryGrantInfo><OptimizerHardwareDependentProperties EstimatedAvailableMemoryGrant="119782" EstimatedPagesCached="59891" EstimatedAvailableDegreeOfParallelism="4" MaxCompileMemory="5707048"></OptimizerHardwareDependentProperties><WaitStats><Wait WaitType="MEMORY_ALLOCATION_EXT" WaitTimeMs="19" WaitCount="3900"></Wait><Wait WaitType="PAGEIOLATCH_SH" WaitTimeMs="2" WaitCount="3"></Wait><Wait WaitType="SOS_SCHEDULER_YIELD" WaitTimeMs="1" WaitCount="12"></Wait></WaitStats><QueryTimeStats ElapsedTime="59" CpuTime="57"></QueryTimeStats><RelOp NodeId="0" PhysicalOp="Compute Scalar" LogicalOp="Compute Scalar" EstimateRows="1" EstimateIO="0" EstimateCPU="0" AvgRowSize="11" EstimatedTotalSubtreeCost="2.85946" Parallel="0" EstimateRebinds="0" EstimateRewinds="0" EstimatedExecutionMode="Row"><OutputList><ColumnReference Column="Expr1002"></ColumnReference></OutputList><ComputeScalar><DefinedValues><DefinedValue><ColumnReference Column="Expr1002"></ColumnReference><ScalarOperator ScalarString="CONVERT_IMPLICIT(int,[Expr1003],0)"><Convert DataType="int" Style="0" Implicit="1"><ScalarOperator><Identifier><ColumnReference Column="Expr1003"></ColumnReference></Identifier></ScalarOperator></Convert></ScalarOperator></DefinedValue></DefinedValues><RelOp NodeId="1" PhysicalOp="Stream Aggregate" LogicalOp="Aggregate" EstimateRows="1" EstimateIO="0" EstimateCPU="0.0119837" AvgRowSize="11" EstimatedTotalSubtreeCost="2.85946" Parallel="0" EstimateRebinds="0" EstimateRewinds="0" EstimatedExecutionMode="Row"><OutputList><ColumnReference Column="Expr1003"></ColumnReference></OutputList><RunTimeInformation><RunTimeCountersPerThread Thread="0" ActualRows="1" Batches="0" ActualElapsedms="58" ActualCPUms="57" ActualEndOfScans="1" ActualExecutions="1" ActualExecutionMode="Row"></RunTimeCountersPerThread></RunTimeInformation><StreamAggregate><DefinedValues><DefinedValue><ColumnReference Column="Expr1003"></ColumnReference><ScalarOperator ScalarString="COUNT([AdventureWorks2017].[Person].[Person].[Title])"><Aggregate Distinct="0" AggType="COUNT_BIG"><ScalarOperator><Identifier><ColumnReference Database="[AdventureWorks2017]" Schema="[Person]" Table="[Person]" Column="Title"></ColumnReference></Identifier></ScalarOperator></Aggregate></ScalarOperator></DefinedValue></DefinedValues><RelOp NodeId="2" PhysicalOp="Clustered Index Scan" LogicalOp="Clustered Index Scan" EstimateRows="19972" EstimatedRowsRead="19972" EstimateIO="2.82535" EstimateCPU="0.0221262" AvgRowSize="19" EstimatedTotalSubtreeCost="2.84747" TableCardinality="19972" Parallel="0" EstimateRebinds="0" EstimateRewinds="0" EstimatedExecutionMode="Row"><OutputList><ColumnReference Database="[AdventureWorks2017]" Schema="[Person]" Table="[Person]" Column="Title"></ColumnReference></OutputList><RunTimeInformation><RunTimeCountersPerThread Thread="0" ActualRows="19972" Batches="0" ActualElapsedms="57" ActualCPUms="55" ActualScans="1" ActualLogicalReads="3821" ActualPhysicalReads="3" ActualReadAheads="3866" ActualLobLogicalReads="0" ActualLobPhysicalReads="0" ActualLobReadAheads="0" ActualRowsRead="19972" ActualEndOfScans="1" ActualExecutions="1" ActualExecutionMode="Row"></RunTimeCountersPerThread></RunTimeInformation><IndexScan Ordered="0" ForcedIndex="0" ForceScan="0" NoExpandHint="0" Storage="RowStore"><DefinedValues><DefinedValue><ColumnReference Database="[AdventureWorks2017]" Schema="[Person]" Table="[Person]" Column="Title"></ColumnReference></DefinedValue></DefinedValues><Object Database="[AdventureWorks2017]" Schema="[Person]" Table="[Person]" Index="[PK_Person_BusinessEntityID]" IndexKind="Clustered" Storage="RowStore"></Object></IndexScan></RelOp></StreamAggregate></RelOp></ComputeScalar></RelOp></QueryPlan></StmtSimple></Statements></Batch></BatchSequence></ShowPlanXML>